2024-02-10 19:02:13.612 [info] Reading sessions from keychain...
2024-02-10 19:02:13.612 [info] Getting sessions for all scopes...
2024-02-10 19:02:13.612 [info] Getting sessions for user:email...
2024-02-10 19:02:13.612 [info] Got stored sessions!
2024-02-10 19:02:13.612 [info] Got 6 verified sessions.
2024-02-10 19:02:13.612 [info] Got 6 sessions for ...
2024-02-10 19:02:13.612 [info] Got 1 sessions for user:email...
2024-02-10 19:02:13.701 [info] Getting sessions for codespace,read:user,repo,user:email...
2024-02-10 19:02:13.701 [info] Got 1 sessions for codespace,read:user,repo,user:email...
2024-02-10 19:02:13.702 [info] Getting sessions for all scopes...
2024-02-10 19:02:13.702 [info] Got 6 sessions for ...
2024-02-10 19:02:17.799 [info] Getting sessions for all scopes...
2024-02-10 19:02:17.799 [info] Got 6 sessions for ...
2024-02-10 19:02:18.696 [info] Getting sessions for all scopes...
2024-02-10 19:02:18.697 [info] Got 6 sessions for ...
2024-02-10 19:02:18.925 [info] Getting sessions for all scopes...
2024-02-10 19:02:18.925 [info] Got 6 sessions for ...
2024-02-10 19:02:20.143 [info] Getting sessions for all scopes...
2024-02-10 19:02:20.144 [info] Got 6 sessions for ...
2024-02-10 19:02:20.861 [info] Getting sessions for read:user...
2024-02-10 19:02:20.861 [info] Getting sessions for all scopes...
2024-02-10 19:02:20.920 [info] Got 1 sessions for read:user...
2024-02-10 19:02:20.921 [info] Got 6 sessions for ...
2024-02-10 19:02:21.935 [info] Getting sessions for project,read:org,read:user,repo,user:email,workflow...
2024-02-10 19:02:21.935 [info] Got 0 sessions for project,read:org,read:user,repo,user:email,workflow...
2024-02-10 19:02:25.833 [info] Getting sessions for read:user,repo,user:email,workflow...
2024-02-10 19:02:25.833 [info] Got 1 sessions for read:user,repo,user:email,workflow...
2024-02-10 19:02:27.909 [info] Getting sessions for read:user,repo,user:email,workflow...
2024-02-10 19:02:27.909 [info] Got 1 sessions for read:user,repo,user:email,workflow...
