2024-02-02 08:08:04.825 [info] Reading sessions from keychain...
2024-02-02 08:08:04.826 [info] Getting sessions for all scopes...
2024-02-02 08:08:04.826 [info] Getting sessions for user:email...
2024-02-02 08:08:04.826 [info] Got stored sessions!
2024-02-02 08:08:04.827 [info] Got 6 verified sessions.
2024-02-02 08:08:04.827 [info] Got 6 sessions for ...
2024-02-02 08:08:04.827 [info] Got 1 sessions for user:email...
2024-02-02 08:08:04.827 [info] Getting sessions for all scopes...
2024-02-02 08:08:04.827 [info] Got 6 sessions for ...
2024-02-02 08:08:05.055 [info] Getting sessions for codespace,read:user,repo,user:email...
2024-02-02 08:08:05.055 [info] Got 1 sessions for codespace,read:user,repo,user:email...
2024-02-02 08:08:05.114 [info] Getting sessions for all scopes...
2024-02-02 08:08:05.114 [info] Got 6 sessions for ...
2024-02-02 08:08:07.259 [info] Getting sessions for all scopes...
2024-02-02 08:08:07.259 [info] Got 6 sessions for ...
2024-02-02 08:08:08.012 [info] Getting sessions for all scopes...
2024-02-02 08:08:08.013 [info] Got 6 sessions for ...
2024-02-02 08:08:08.172 [info] Getting sessions for all scopes...
2024-02-02 08:08:08.172 [info] Got 6 sessions for ...
2024-02-02 08:08:09.187 [info] Getting sessions for all scopes...
2024-02-02 08:08:09.188 [info] Got 6 sessions for ...
2024-02-02 08:08:09.627 [info] Getting sessions for read:user...
2024-02-02 08:08:09.627 [info] Getting sessions for all scopes...
2024-02-02 08:08:09.627 [info] Got 1 sessions for read:user...
2024-02-02 08:08:09.628 [info] Got 6 sessions for ...
2024-02-02 08:08:10.002 [info] Getting sessions for project,read:org,read:user,repo,user:email,workflow...
2024-02-02 08:08:10.002 [info] Got 0 sessions for project,read:org,read:user,repo,user:email,workflow...
2024-02-02 08:08:10.716 [info] Getting sessions for read:user,repo,user:email,workflow...
2024-02-02 08:08:10.716 [info] Getting sessions for read:user,repo,user:email,workflow...
2024-02-02 08:08:10.716 [info] Got 1 sessions for read:user,repo,user:email,workflow...
2024-02-02 08:08:10.716 [info] Got 1 sessions for read:user,repo,user:email,workflow...
2024-02-02 08:08:10.895 [info] Getting sessions for read:user,repo,user:email,workflow...
2024-02-02 08:08:10.895 [info] Got 1 sessions for read:user,repo,user:email,workflow...
2024-02-02 08:08:15.217 [info] Getting sessions for read:user,repo,user:email,workflow...
2024-02-02 08:08:15.217 [info] Got 1 sessions for read:user,repo,user:email,workflow...
2024-02-02 08:08:17.152 [info] Getting sessions for read:user,repo,user:email,workflow...
2024-02-02 08:08:17.152 [info] Got 1 sessions for read:user,repo,user:email,workflow...
2024-02-02 08:08:17.243 [info] Getting sessions for read:user,repo,user:email,workflow...
2024-02-02 08:08:17.243 [info] Got 1 sessions for read:user,repo,user:email,workflow...
2024-02-02 08:39:21.035 [info] Getting sessions for read:user,repo,user:email,workflow...
2024-02-02 08:39:21.036 [info] Got 1 sessions for read:user,repo,user:email,workflow...
