2024-02-02 09:29:00.016 [warning] /home/vscode/.ssh/config: ENOENT: no such file or directory, open '/home/vscode/.ssh/config'
2024-02-02 09:29:00.016 [info] Activation> Extension version: 0.80.0
2024-02-02 09:29:04.415 [info] Looking for git repository
2024-02-02 09:29:04.415 [info] Found 0 repositories during activation
2024-02-02 09:29:04.415 [info] Git repository found, initializing review manager and pr tree view.
2024-02-02 09:29:04.416 [info] Registering git provider
2024-02-02 09:30:42.583 [info] Repository file:///home/vscode/progate_path/self_introduction_branch/self_introduction has been opened
2024-02-02 09:30:42.583 [info] Review+0> Validate state in progress
2024-02-02 09:30:42.583 [info] Review+0> Validating state...
2024-02-02 09:30:42.585 [warning] No remotes found. The following remotes are missing: origin, upstream
2024-02-02 09:30:42.585 [info] No GitHub remotes found for folder /home/vscode/progate_path/self_introduction_branch/self_introduction
2024-02-02 09:30:42.685 [info] Review+0> Queuing additional validate state
2024-02-02 09:30:42.685 [info] Repo state for file:///home/vscode/progate_path/self_introduction_branch/self_introduction changed.
2024-02-02 09:30:42.685 [info] Repo file:///home/vscode/progate_path/self_introduction_branch/self_introduction has already been setup.
2024-02-02 09:30:43.046 [info] Review+0> Validating state...
2024-02-02 09:30:43.046 [warning] No remotes found. The following remotes are missing: origin, upstream
2024-02-02 09:30:43.046 [info] No GitHub remotes found for folder /home/vscode/progate_path/self_introduction_branch/self_introduction
2024-02-02 09:30:43.110 [info] Review+0> No matching pull request metadata found locally for current branch main
2024-02-02 09:30:43.145 [info] Review+0> No matching pull request metadata found on GitHub for current branch main
2024-02-02 09:31:05.124 [info] Review+0> Validate state in progress
2024-02-02 09:31:05.124 [info] Review+0> Validating state...
2024-02-02 09:31:05.125 [warning] No remotes found. The following remotes are missing: origin, upstream
2024-02-02 09:31:05.125 [info] No GitHub remotes found for folder /home/vscode/progate_path/self_introduction_branch/self_introduction
2024-02-02 09:31:05.182 [info] Review+0> No matching pull request metadata found locally for current branch main
2024-02-02 09:31:05.221 [info] Review+0> No matching pull request metadata found on GitHub for current branch main
2024-02-02 09:37:49.833 [info] Review+0> Validate state in progress
2024-02-02 09:37:49.833 [info] Review+0> Validating state...
2024-02-02 09:37:49.834 [warning] No remotes found. The following remotes are missing: origin, upstream
2024-02-02 09:37:49.834 [info] No GitHub remotes found for folder /home/vscode/progate_path/self_introduction_branch/self_introduction
2024-02-02 09:37:49.910 [info] Review+0> No matching pull request metadata found locally for current branch main
2024-02-02 09:37:49.945 [info] Review+0> No matching pull request metadata found on GitHub for current branch main
2024-02-02 09:43:14.437 [info] Review+0> Validate state in progress
2024-02-02 09:43:14.437 [info] Review+0> Validating state...
2024-02-02 09:43:14.437 [warning] No remotes found. The following remotes are missing: origin, upstream
2024-02-02 09:43:14.437 [info] No GitHub remotes found for folder /home/vscode/progate_path/self_introduction_branch/self_introduction
2024-02-02 09:43:14.509 [info] Review+0> No matching pull request metadata found locally for current branch branch-a
2024-02-02 09:43:14.545 [info] Review+0> No matching pull request metadata found on GitHub for current branch branch-a
2024-02-02 09:44:52.770 [info] Review+0> Validate state in progress
2024-02-02 09:44:52.770 [info] Review+0> Validating state...
2024-02-02 09:44:52.771 [warning] No remotes found. The following remotes are missing: origin, upstream
2024-02-02 09:44:52.771 [info] No GitHub remotes found for folder /home/vscode/progate_path/self_introduction_branch/self_introduction
2024-02-02 09:44:52.835 [info] Review+0> No matching pull request metadata found locally for current branch branch-a
2024-02-02 09:44:52.868 [info] Review+0> No matching pull request metadata found on GitHub for current branch branch-a
2024-02-02 09:46:12.855 [info] Review+0> Validate state in progress
2024-02-02 09:46:12.855 [info] Review+0> Validating state...
2024-02-02 09:46:12.855 [warning] No remotes found. The following remotes are missing: origin, upstream
2024-02-02 09:46:12.855 [info] No GitHub remotes found for folder /home/vscode/progate_path/self_introduction_branch/self_introduction
2024-02-02 09:46:12.924 [info] Review+0> No matching pull request metadata found locally for current branch main
2024-02-02 09:46:12.964 [info] Review+0> No matching pull request metadata found on GitHub for current branch main
2024-02-02 09:48:20.544 [info] Review+0> Validate state in progress
2024-02-02 09:48:20.544 [info] Review+0> Validating state...
2024-02-02 09:48:20.544 [warning] No remotes found. The following remotes are missing: origin, upstream
2024-02-02 09:48:20.544 [info] No GitHub remotes found for folder /home/vscode/progate_path/self_introduction_branch/self_introduction
2024-02-02 09:48:20.609 [info] Review+0> No matching pull request metadata found locally for current branch main
2024-02-02 09:48:20.685 [info] Review+0> No matching pull request metadata found on GitHub for current branch main
2024-02-02 09:59:36.604 [info] Review+0> Validate state in progress
2024-02-02 09:59:36.604 [info] Review+0> Validating state...
2024-02-02 09:59:36.605 [warning] No remotes found. The following remotes are missing: origin, upstream
2024-02-02 09:59:36.605 [info] No GitHub remotes found for folder /home/vscode/progate_path/self_introduction_branch/self_introduction
2024-02-02 09:59:36.667 [info] Review+0> No matching pull request metadata found locally for current branch main
2024-02-02 09:59:36.751 [info] Review+0> No matching pull request metadata found on GitHub for current branch main
