2024-02-02 09:28:54.884 [info] Reading sessions from keychain...
2024-02-02 09:28:54.884 [info] Getting sessions for all scopes...
2024-02-02 09:28:54.884 [info] Getting sessions for user:email...
2024-02-02 09:28:54.884 [info] Getting sessions for all scopes...
2024-02-02 09:28:54.884 [info] Got stored sessions!
2024-02-02 09:28:54.884 [info] Got 6 verified sessions.
2024-02-02 09:28:54.884 [info] Got 6 sessions for ...
2024-02-02 09:28:54.884 [info] Got 1 sessions for user:email...
2024-02-02 09:28:54.884 [info] Got 6 sessions for ...
2024-02-02 09:28:54.952 [info] Getting sessions for codespace,read:user,repo,user:email...
2024-02-02 09:28:54.952 [info] Got 1 sessions for codespace,read:user,repo,user:email...
2024-02-02 09:28:55.000 [info] Getting sessions for all scopes...
2024-02-02 09:28:55.000 [info] Got 6 sessions for ...
2024-02-02 09:28:57.389 [info] Getting sessions for all scopes...
2024-02-02 09:28:57.389 [info] Got 6 sessions for ...
2024-02-02 09:28:58.534 [info] Getting sessions for all scopes...
2024-02-02 09:28:58.535 [info] Got 6 sessions for ...
2024-02-02 09:28:59.525 [info] Getting sessions for all scopes...
2024-02-02 09:28:59.525 [info] Got 6 sessions for ...
2024-02-02 09:28:59.919 [info] Getting sessions for read:user...
2024-02-02 09:28:59.919 [info] Getting sessions for all scopes...
2024-02-02 09:28:59.919 [info] Got 1 sessions for read:user...
2024-02-02 09:28:59.920 [info] Got 6 sessions for ...
2024-02-02 09:29:00.061 [info] Getting sessions for all scopes...
2024-02-02 09:29:00.062 [info] Got 6 sessions for ...
2024-02-02 09:29:00.319 [info] Getting sessions for read:user,repo,user:email,workflow...
2024-02-02 09:29:00.319 [info] Getting sessions for project,read:org,read:user,repo,user:email,workflow...
2024-02-02 09:29:00.319 [info] Got 1 sessions for read:user,repo,user:email,workflow...
2024-02-02 09:29:00.319 [info] Got 0 sessions for project,read:org,read:user,repo,user:email,workflow...
2024-02-02 09:29:02.364 [info] Getting sessions for read:user,repo,user:email,workflow...
2024-02-02 09:29:02.364 [info] Got 1 sessions for read:user,repo,user:email,workflow...
2024-02-02 09:29:04.416 [info] Getting sessions for read:user,repo,user:email,workflow...
2024-02-02 09:29:04.416 [info] Got 1 sessions for read:user,repo,user:email,workflow...
2024-02-02 09:29:05.665 [info] Getting sessions for read:user,repo,user:email,workflow...
2024-02-02 09:29:05.665 [info] Got 1 sessions for read:user,repo,user:email,workflow...
2024-02-02 09:58:59.962 [info] Getting sessions for read:user,repo,user:email,workflow...
2024-02-02 09:58:59.963 [info] Got 1 sessions for read:user,repo,user:email,workflow...
