2024-02-02 08:55:10.074 [info] Reading sessions from keychain...
2024-02-02 08:55:10.074 [info] Getting sessions for all scopes...
2024-02-02 08:55:10.074 [info] Getting sessions for user:email...
2024-02-02 08:55:10.074 [info] Got stored sessions!
2024-02-02 08:55:10.075 [info] Got 6 verified sessions.
2024-02-02 08:55:10.075 [info] Got 6 sessions for ...
2024-02-02 08:55:10.075 [info] Got 1 sessions for user:email...
2024-02-02 08:55:10.075 [info] Getting sessions for all scopes...
2024-02-02 08:55:10.075 [info] Got 6 sessions for ...
2024-02-02 08:55:10.154 [info] Getting sessions for codespace,read:user,repo,user:email...
2024-02-02 08:55:10.154 [info] Got 1 sessions for codespace,read:user,repo,user:email...
2024-02-02 08:55:10.204 [info] Getting sessions for all scopes...
2024-02-02 08:55:10.204 [info] Got 6 sessions for ...
2024-02-02 08:55:12.693 [info] Getting sessions for all scopes...
2024-02-02 08:55:12.693 [info] Got 6 sessions for ...
2024-02-02 08:55:13.516 [info] Getting sessions for all scopes...
2024-02-02 08:55:13.516 [info] Got 6 sessions for ...
2024-02-02 08:55:14.153 [info] Getting sessions for all scopes...
2024-02-02 08:55:14.153 [info] Got 6 sessions for ...
2024-02-02 08:55:15.220 [info] Getting sessions for all scopes...
2024-02-02 08:55:15.221 [info] Got 6 sessions for ...
2024-02-02 08:55:15.967 [info] Getting sessions for read:user...
2024-02-02 08:55:15.967 [info] Getting sessions for all scopes...
2024-02-02 08:55:15.968 [info] Got 1 sessions for read:user...
2024-02-02 08:55:15.968 [info] Got 6 sessions for ...
2024-02-02 08:55:17.397 [info] Getting sessions for read:user,repo,user:email,workflow...
2024-02-02 08:55:17.397 [info] Got 1 sessions for read:user,repo,user:email,workflow...
2024-02-02 08:55:17.646 [info] Getting sessions for project,read:org,read:user,repo,user:email,workflow...
2024-02-02 08:55:17.646 [info] Got 0 sessions for project,read:org,read:user,repo,user:email,workflow...
2024-02-02 08:55:18.170 [info] Getting sessions for read:user,repo,user:email,workflow...
2024-02-02 08:55:18.170 [info] Got 1 sessions for read:user,repo,user:email,workflow...
2024-02-02 08:55:18.196 [info] Getting sessions for read:user,repo,user:email,workflow...
2024-02-02 08:55:18.196 [info] Got 1 sessions for read:user,repo,user:email,workflow...
2024-02-02 08:55:21.686 [info] Getting sessions for read:user,repo,user:email,workflow...
2024-02-02 08:55:21.686 [info] Got 1 sessions for read:user,repo,user:email,workflow...
