2024-02-02 08:54:03.232 [info] ログ レベル: Info
2024-02-02 08:54:03.232 [info] Git の検証が検出されました: "git"
2024-02-02 08:54:03.232 [info] "git" から Git "2.43.0" を使用しています
2024-02-02 08:54:03.232 [info] > git rev-parse --show-toplevel [457ms]
2024-02-02 08:54:03.232 [info] fatal: not a git repository (or any of the parent directories): .git
2024-02-02 08:54:03.232 [info] > git rev-parse --show-toplevel [82ms]
2024-02-02 08:54:03.232 [info] fatal: not a git repository (or any of the parent directories): .git
2024-02-02 08:54:03.236 [info] > git rev-parse --show-toplevel [9ms]
2024-02-02 08:54:03.236 [info] fatal: not a git repository (or any of the parent directories): .git
2024-02-02 08:54:03.308 [info] > git rev-parse --show-toplevel [48ms]
2024-02-02 08:54:03.439 [info] > git rev-parse --git-dir --git-common-dir [104ms]
2024-02-02 08:54:03.449 [info] Open repository: /home/vscode/.nodenv
2024-02-02 08:54:03.508 [info] > git config --get commit.template [31ms]
2024-02-02 08:54:03.510 [info] > git rev-parse --show-toplevel [10ms]
2024-02-02 08:54:03.805 [info] > git rev-parse --git-dir --git-common-dir [156ms]
2024-02-02 08:54:03.808 [info] Open repository: /home/vscode/.oh-my-zsh
2024-02-02 08:54:03.809 [info] > git for-each-ref --format=%(refname)%00%(upstream:short)%00%(objectname)%00%(upstream:track)%00%(upstream:remotename)%00%(upstream:remoteref) refs/heads/master refs/remotes/master [207ms]
2024-02-02 08:54:03.929 [warning] ENOENT: no such file or directory, open '/home/vscode/.nodenv/.git/refs/remotes/origin/master'
2024-02-02 08:54:03.948 [info] > git rev-parse refs/remotes/origin/master [19ms]
2024-02-02 08:54:03.971 [info] > git rev-parse --show-toplevel [87ms]
2024-02-02 08:54:03.971 [info] fatal: not a git repository (or any of the parent directories): .git
2024-02-02 08:54:03.972 [info] > git config --get commit.template [110ms]
2024-02-02 08:54:04.042 [info] > git status -z -uall [72ms]
2024-02-02 08:54:04.043 [info] > git rev-parse --show-toplevel [47ms]
2024-02-02 08:54:04.043 [info] fatal: not a git repository (or any of the parent directories): .git
2024-02-02 08:54:04.125 [info] > git config --get commit.template [30ms]
2024-02-02 08:54:04.125 [info] > git rev-parse --show-toplevel [53ms]
2024-02-02 08:54:04.126 [info] > git for-each-ref --format=%(refname)%00%(upstream:short)%00%(objectname)%00%(upstream:track)%00%(upstream:remotename)%00%(upstream:remoteref) refs/heads/master refs/remotes/master [94ms]
2024-02-02 08:54:04.181 [warning] ENOENT: no such file or directory, open '/home/vscode/.oh-my-zsh/.git/refs/remotes/origin/master'
2024-02-02 08:54:04.204 [info] > git rev-parse --git-dir --git-common-dir [57ms]
2024-02-02 08:54:04.208 [info] Open repository: /home/vscode/environment
2024-02-02 08:54:04.290 [info] > git for-each-ref --format=%(refname)%00%(upstream:short)%00%(objectname)%00%(upstream:track)%00%(upstream:remotename)%00%(upstream:remoteref) refs/heads/master refs/remotes/master [87ms]
2024-02-02 08:54:04.290 [info] > git rev-parse refs/remotes/origin/master [109ms]
2024-02-02 08:54:04.375 [warning] ENOENT: no such file or directory, open '/home/vscode/.nodenv/.git/refs/remotes/origin/master'
2024-02-02 08:54:04.389 [info] > git rev-parse --show-toplevel [135ms]
2024-02-02 08:54:04.389 [info] fatal: not a git repository (or any of the parent directories): .git
2024-02-02 08:54:04.393 [info] > git config --get commit.template [162ms]
2024-02-02 08:54:04.474 [info] > git check-ignore -v -z --stdin [127ms]
2024-02-02 08:54:04.475 [info] > git rev-parse refs/remotes/origin/master [100ms]
2024-02-02 08:54:04.721 [info] > git status -z -uall [407ms]
2024-02-02 08:54:04.721 [info] > git status -z -uall [212ms]
2024-02-02 08:54:04.721 [info] > git for-each-ref --format=%(refname)%00%(upstream:short)%00%(objectname)%00%(upstream:track)%00%(upstream:remotename)%00%(upstream:remoteref) refs/heads/main refs/remotes/main [155ms]
2024-02-02 08:54:04.775 [warning] ENOENT: no such file or directory, open '/home/vscode/environment/.git/refs/remotes/origin/main'
2024-02-02 08:54:04.882 [info] > git config --get commit.template [85ms]
2024-02-02 08:54:04.882 [info] > git rev-parse refs/remotes/origin/main [107ms]
2024-02-02 08:54:04.983 [info] > git status -z -uall [78ms]
2024-02-02 08:54:04.984 [info] > git check-ignore -v -z --stdin [53ms]
2024-02-02 08:54:04.984 [info] > git check-ignore -v -z --stdin [32ms]
2024-02-02 08:54:04.984 [info] > git check-ignore -v -z --stdin [10ms]
2024-02-02 08:54:05.064 [info] > git config --get commit.template [3ms]
2024-02-02 08:54:05.065 [info] > git for-each-ref --format=%(refname)%00%(upstream:short)%00%(objectname)%00%(upstream:track)%00%(upstream:remotename)%00%(upstream:remoteref) refs/heads/master refs/remotes/master [25ms]
2024-02-02 08:54:05.155 [warning] ENOENT: no such file or directory, open '/home/vscode/.oh-my-zsh/.git/refs/remotes/origin/master'
2024-02-02 08:54:05.335 [info] > git for-each-ref --format=%(refname)%00%(upstream:short)%00%(objectname)%00%(upstream:track)%00%(upstream:remotename)%00%(upstream:remoteref) refs/heads/main refs/remotes/main [14ms]
2024-02-02 08:54:05.336 [info] > git rev-parse refs/remotes/origin/master [180ms]
2024-02-02 08:54:05.391 [warning] ENOENT: no such file or directory, open '/home/vscode/environment/.git/refs/remotes/origin/main'
2024-02-02 08:54:05.410 [info] > git rev-parse refs/remotes/origin/main [19ms]
2024-02-02 08:54:06.666 [info] > git status -z -uall [1309ms]
2024-02-02 08:54:06.666 [info] > git status -z -uall [1225ms]
2024-02-02 08:54:08.433 [info] > git config --local branch.main.github-pr-owner-number [404ms]
2024-02-02 08:54:08.433 [warning] git config failed: Failed to execute git
2024-02-02 08:54:08.572 [info] > git config --local branch.master.github-pr-owner-number [17ms]
2024-02-02 08:54:08.573 [warning] git config failed: Failed to execute git
2024-02-02 08:54:08.619 [info] > git config --local branch.master.github-pr-owner-number [96ms]
2024-02-02 08:54:08.619 [warning] git config failed: Failed to execute git
2024-02-02 08:54:31.945 [info] > git rev-parse --show-toplevel [5ms]
2024-02-02 08:54:31.994 [info] > git rev-parse --git-dir --git-common-dir [2ms]
2024-02-02 08:54:31.999 [info] Open repository: /home/vscode/.progate/origins/8bD7b83bnNigx1-MPlVyv/self_introduction
2024-02-02 08:54:32.034 [warning] getRemotes() - ENOENT: no such file or directory, open '/home/vscode/.progate/origins/8bD7b83bnNigx1-MPlVyv/self_introduction/.git/config'
2024-02-02 08:54:32.066 [info] > git remote --verbose [32ms]
2024-02-02 08:54:32.067 [info] > git config --get commit.template [2ms]
2024-02-02 08:54:32.099 [info] > git for-each-ref --format=%(refname)%00%(upstream:short)%00%(objectname)%00%(upstream:track)%00%(upstream:remotename)%00%(upstream:remoteref) refs/heads/master refs/remotes/master [2ms]
2024-02-02 08:54:32.145 [info] > git status -z -uall [12ms]
2024-02-02 08:54:32.192 [warning] getRemotes() - ENOENT: no such file or directory, open '/home/vscode/.progate/origins/8bD7b83bnNigx1-MPlVyv/self_introduction/.git/config'
2024-02-02 08:54:32.233 [info] > git remote --verbose [41ms]
2024-02-02 08:54:32.234 [info] > git config --get commit.template [2ms]
2024-02-02 08:54:32.272 [info] > git for-each-ref --format=%(refname)%00%(upstream:short)%00%(objectname)%00%(upstream:track)%00%(upstream:remotename)%00%(upstream:remoteref) refs/heads/master refs/remotes/master [6ms]
2024-02-02 08:54:32.307 [info] > git status -z -uall [2ms]
2024-02-02 08:54:32.569 [info] > git config --local branch.master.github-pr-owner-number [1ms]
2024-02-02 08:54:32.569 [warning] git config failed: Failed to execute git
2024-02-02 08:54:32.740 [info] > git check-ignore -v -z --stdin [68ms]
2024-02-02 08:54:32.740 [info] > git check-ignore -v -z --stdin [36ms]
2024-02-02 08:54:32.741 [info] > git check-ignore -v -z --stdin [3ms]
2024-02-02 08:54:32.741 [info] > git config --local branch.master.remote [135ms]
2024-02-02 08:54:32.742 [warning] git config failed: Failed to execute git
2024-02-02 08:54:32.808 [info] > git config --local branch.master.merge [35ms]
2024-02-02 08:54:32.808 [warning] git config failed: Failed to execute git
