2024-02-03 04:02:06.552 [info] Reading sessions from keychain...
2024-02-03 04:02:06.552 [info] Getting sessions for all scopes...
2024-02-03 04:02:06.552 [info] Got stored sessions!
2024-02-03 04:02:06.552 [info] Got 6 verified sessions.
2024-02-03 04:02:06.552 [info] Got 6 sessions for ...
2024-02-03 04:02:06.552 [info] Getting sessions for codespace,read:user,repo,user:email...
2024-02-03 04:02:06.552 [info] Getting sessions for all scopes...
2024-02-03 04:02:06.552 [info] Got 1 sessions for codespace,read:user,repo,user:email...
2024-02-03 04:02:06.553 [info] Got 6 sessions for ...
2024-02-03 04:02:06.560 [info] Getting sessions for all scopes...
2024-02-03 04:02:06.561 [info] Got 6 sessions for ...
2024-02-03 04:02:09.323 [info] Getting sessions for all scopes...
2024-02-03 04:02:09.323 [info] Got 6 sessions for ...
2024-02-03 04:02:11.406 [info] Getting sessions for all scopes...
2024-02-03 04:02:11.407 [info] Got 6 sessions for ...
2024-02-03 04:02:12.069 [info] Getting sessions for read:user...
2024-02-03 04:02:12.069 [info] Getting sessions for all scopes...
2024-02-03 04:02:12.069 [info] Got 1 sessions for read:user...
2024-02-03 04:02:12.070 [info] Got 6 sessions for ...
2024-02-03 04:02:12.215 [info] Getting sessions for project,read:org,read:user,repo,user:email,workflow...
2024-02-03 04:02:12.215 [info] Getting sessions for all scopes...
2024-02-03 04:02:12.215 [info] Got 0 sessions for project,read:org,read:user,repo,user:email,workflow...
2024-02-03 04:02:12.215 [info] Got 6 sessions for ...
2024-02-03 04:02:13.003 [info] Getting sessions for read:user,repo,user:email,workflow...
2024-02-03 04:02:13.003 [info] Got 1 sessions for read:user,repo,user:email,workflow...
2024-02-03 04:02:15.248 [info] Getting sessions for read:user,repo,user:email,workflow...
2024-02-03 04:02:15.248 [info] Got 1 sessions for read:user,repo,user:email,workflow...
