2024-02-02 09:01:14.011 [info] Reading sessions from keychain...
2024-02-02 09:01:14.011 [info] Getting sessions for all scopes...
2024-02-02 09:01:14.011 [info] Getting sessions for user:email...
2024-02-02 09:01:14.011 [info] Got stored sessions!
2024-02-02 09:01:14.011 [info] Got 6 verified sessions.
2024-02-02 09:01:14.011 [info] Got 6 sessions for ...
2024-02-02 09:01:14.011 [info] Got 1 sessions for user:email...
2024-02-02 09:01:14.019 [info] Getting sessions for all scopes...
2024-02-02 09:01:14.019 [info] Got 6 sessions for ...
2024-02-02 09:01:14.095 [info] Getting sessions for codespace,read:user,repo,user:email...
2024-02-02 09:01:14.095 [info] Got 1 sessions for codespace,read:user,repo,user:email...
2024-02-02 09:01:14.144 [info] Getting sessions for all scopes...
2024-02-02 09:01:14.144 [info] Got 6 sessions for ...
2024-02-02 09:01:15.763 [info] Getting sessions for all scopes...
2024-02-02 09:01:15.763 [info] Got 6 sessions for ...
2024-02-02 09:01:16.629 [info] Getting sessions for all scopes...
2024-02-02 09:01:16.630 [info] Got 6 sessions for ...
2024-02-02 09:01:17.556 [info] Getting sessions for all scopes...
2024-02-02 09:01:17.556 [info] Got 6 sessions for ...
2024-02-02 09:01:18.679 [info] Getting sessions for all scopes...
2024-02-02 09:01:18.680 [info] Got 6 sessions for ...
2024-02-02 09:01:19.189 [info] Getting sessions for read:user...
2024-02-02 09:01:19.189 [info] Getting sessions for all scopes...
2024-02-02 09:01:19.189 [info] Got 1 sessions for read:user...
2024-02-02 09:01:19.190 [info] Got 6 sessions for ...
2024-02-02 09:01:21.065 [info] Getting sessions for project,read:org,read:user,repo,user:email,workflow...
2024-02-02 09:01:21.065 [info] Got 0 sessions for project,read:org,read:user,repo,user:email,workflow...
2024-02-02 09:01:21.241 [info] Getting sessions for read:user,repo,user:email,workflow...
2024-02-02 09:01:21.241 [info] Got 1 sessions for read:user,repo,user:email,workflow...
2024-02-02 09:01:21.327 [info] Getting sessions for read:user,repo,user:email,workflow...
2024-02-02 09:01:21.328 [info] Got 1 sessions for read:user,repo,user:email,workflow...
2024-02-02 09:01:23.978 [info] Getting sessions for read:user,repo,user:email,workflow...
2024-02-02 09:01:23.979 [info] Got 1 sessions for read:user,repo,user:email,workflow...
2024-02-02 09:01:25.181 [info] Getting sessions for read:user,repo,user:email,workflow...
2024-02-02 09:01:25.181 [info] Got 1 sessions for read:user,repo,user:email,workflow...
