2024-02-03 04:02:01.707 [info] Reading sessions from keychain...
2024-02-03 04:02:01.707 [info] Getting sessions for all scopes...
2024-02-03 04:02:01.795 [info] Got stored sessions!
2024-02-03 04:02:01.795 [info] Got 6 verified sessions.
2024-02-03 04:02:01.795 [info] Got 6 sessions for ...
2024-02-03 04:02:01.814 [info] Getting sessions for codespace,read:user,repo,user:email...
2024-02-03 04:02:01.814 [info] Got 1 sessions for codespace,read:user,repo,user:email...
2024-02-03 04:02:01.966 [info] Getting sessions for all scopes...
2024-02-03 04:02:01.966 [info] Got 6 sessions for ...
2024-02-03 04:02:03.617 [info] Getting sessions for all scopes...
2024-02-03 04:02:03.618 [info] Got 6 sessions for ...
2024-02-03 04:02:04.616 [info] Getting sessions for all scopes...
2024-02-03 04:02:04.617 [info] Got 6 sessions for ...
2024-02-03 04:02:04.971 [info] Getting sessions for all scopes...
2024-02-03 04:02:04.975 [info] Got 6 sessions for ...
2024-02-03 04:02:07.120 [info] Getting sessions for all scopes...
2024-02-03 04:02:07.120 [info] Got 6 sessions for ...
2024-02-03 04:02:07.521 [info] Getting sessions for read:user...
2024-02-03 04:02:07.521 [info] Getting sessions for all scopes...
2024-02-03 04:02:07.521 [info] Got 1 sessions for read:user...
2024-02-03 04:02:07.522 [info] Got 6 sessions for ...
2024-02-03 04:02:07.751 [info] Getting sessions for project,read:org,read:user,repo,user:email,workflow...
2024-02-03 04:02:07.751 [info] Got 0 sessions for project,read:org,read:user,repo,user:email,workflow...
2024-02-03 04:02:11.024 [info] Getting sessions for read:user,repo,user:email,workflow...
2024-02-03 04:02:11.024 [info] Got 1 sessions for read:user,repo,user:email,workflow...
2024-02-03 04:02:13.630 [info] Getting sessions for read:user,repo,user:email,workflow...
2024-02-03 04:02:13.630 [info] Got 1 sessions for read:user,repo,user:email,workflow...
