2024-02-02 09:21:09.277 [info] Reading sessions from keychain...
2024-02-02 09:21:09.277 [info] Getting sessions for all scopes...
2024-02-02 09:21:09.277 [info] Getting sessions for user:email...
2024-02-02 09:21:09.281 [info] Got stored sessions!
2024-02-02 09:21:09.282 [info] Got 6 verified sessions.
2024-02-02 09:21:09.282 [info] Got 6 sessions for ...
2024-02-02 09:21:09.282 [info] Got 1 sessions for user:email...
2024-02-02 09:21:09.302 [info] Getting sessions for all scopes...
2024-02-02 09:21:09.302 [info] Got 6 sessions for ...
2024-02-02 09:21:09.412 [info] Getting sessions for codespace,read:user,repo,user:email...
2024-02-02 09:21:09.416 [info] Getting sessions for all scopes...
2024-02-02 09:21:09.416 [info] Got 1 sessions for codespace,read:user,repo,user:email...
2024-02-02 09:21:09.416 [info] Got 6 sessions for ...
2024-02-02 09:21:09.962 [info] Getting sessions for all scopes...
2024-02-02 09:21:09.962 [info] Got 6 sessions for ...
2024-02-02 09:21:12.080 [info] Getting sessions for all scopes...
2024-02-02 09:21:12.080 [info] Got 6 sessions for ...
2024-02-02 09:21:12.300 [info] Getting sessions for all scopes...
2024-02-02 09:21:12.304 [info] Got 6 sessions for ...
2024-02-02 09:21:13.875 [info] Getting sessions for all scopes...
2024-02-02 09:21:13.876 [info] Got 6 sessions for ...
2024-02-02 09:21:14.134 [info] Getting sessions for read:user...
2024-02-02 09:21:14.134 [info] Getting sessions for all scopes...
2024-02-02 09:21:14.134 [info] Got 1 sessions for read:user...
2024-02-02 09:21:14.135 [info] Got 6 sessions for ...
2024-02-02 09:21:14.263 [info] Getting sessions for project,read:org,read:user,repo,user:email,workflow...
2024-02-02 09:21:14.263 [info] Got 0 sessions for project,read:org,read:user,repo,user:email,workflow...
2024-02-02 09:21:15.116 [info] Getting sessions for read:user,repo,user:email,workflow...
2024-02-02 09:21:15.116 [info] Getting sessions for read:user,repo,user:email,workflow...
2024-02-02 09:21:15.166 [info] Got 1 sessions for read:user,repo,user:email,workflow...
2024-02-02 09:21:15.166 [info] Got 1 sessions for read:user,repo,user:email,workflow...
2024-02-02 09:21:17.235 [info] Getting sessions for read:user,repo,user:email,workflow...
2024-02-02 09:21:17.235 [info] Got 1 sessions for read:user,repo,user:email,workflow...
2024-02-02 09:21:19.097 [info] Getting sessions for read:user,repo,user:email,workflow...
2024-02-02 09:21:19.097 [info] Got 1 sessions for read:user,repo,user:email,workflow...
