2024-02-10 19:02:17.041 [info] Reading sessions from keychain...
2024-02-10 19:02:17.041 [info] Getting sessions for all scopes...
2024-02-10 19:02:17.041 [info] Getting sessions for user:email...
2024-02-10 19:02:17.041 [info] Got stored sessions!
2024-02-10 19:02:17.041 [info] Got 6 verified sessions.
2024-02-10 19:02:17.041 [info] Got 6 sessions for ...
2024-02-10 19:02:17.041 [info] Got 1 sessions for user:email...
2024-02-10 19:02:21.416 [info] Getting sessions for codespace,read:user,repo,user:email...
2024-02-10 19:02:21.416 [info] Getting sessions for all scopes...
2024-02-10 19:02:21.416 [info] Got 1 sessions for codespace,read:user,repo,user:email...
2024-02-10 19:02:21.417 [info] Got 6 sessions for ...
2024-02-10 19:02:27.766 [info] Getting sessions for all scopes...
2024-02-10 19:02:27.766 [info] Got 6 sessions for ...
2024-02-10 19:02:30.447 [info] Getting sessions for read:user...
2024-02-10 19:02:30.447 [info] Getting sessions for all scopes...
2024-02-10 19:02:30.447 [info] Got 1 sessions for read:user...
2024-02-10 19:02:30.448 [info] Got 6 sessions for ...
2024-02-10 19:02:32.467 [info] Getting sessions for all scopes...
2024-02-10 19:02:32.467 [info] Got 6 sessions for ...
2024-02-10 19:02:32.729 [info] Getting sessions for project,read:org,read:user,repo,user:email,workflow...
2024-02-10 19:02:32.729 [info] Getting sessions for all scopes...
2024-02-10 19:02:32.729 [info] Got 0 sessions for project,read:org,read:user,repo,user:email,workflow...
2024-02-10 19:02:32.729 [info] Got 6 sessions for ...
2024-02-10 19:02:32.813 [info] Getting sessions for all scopes...
2024-02-10 19:02:32.813 [info] Got 6 sessions for ...
2024-02-10 19:02:32.997 [info] Getting sessions for read:user,repo,user:email,workflow...
2024-02-10 19:02:32.997 [info] Got 1 sessions for read:user,repo,user:email,workflow...
2024-02-10 19:02:34.938 [info] Getting sessions for read:user,repo,user:email,workflow...
2024-02-10 19:02:34.938 [info] Got 1 sessions for read:user,repo,user:email,workflow...
