2024-02-02 08:59:13.948 [info] ログ レベル: Info
2024-02-02 08:59:13.948 [info] Git の検証が検出されました: "git"
2024-02-02 08:59:13.948 [info] "git" から Git "2.43.0" を使用しています
2024-02-02 08:59:13.948 [info] > git rev-parse --show-toplevel [38ms]
2024-02-02 08:59:13.948 [info] fatal: not a git repository (or any of the parent directories): .git
2024-02-02 08:59:13.948 [info] > git rev-parse --show-toplevel [14ms]
2024-02-02 08:59:13.948 [info] fatal: not a git repository (or any of the parent directories): .git
2024-02-02 08:59:13.948 [info] > git rev-parse --show-toplevel [3ms]
2024-02-02 08:59:13.948 [info] fatal: not a git repository (or any of the parent directories): .git
2024-02-02 08:59:13.969 [info] > git rev-parse --show-toplevel [1ms]
2024-02-02 08:59:13.969 [info] fatal: not a git repository (or any of the parent directories): .git
2024-02-02 09:08:00.918 [info] > git rev-parse --show-toplevel [3ms]
2024-02-02 09:08:00.991 [info] > git rev-parse --git-dir --git-common-dir [5ms]
2024-02-02 09:08:01.014 [info] Open repository: /home/vscode/progate_path/self_introduction_commit/self_introduction
2024-02-02 09:08:01.191 [info] No remotes found in the git config file.
2024-02-02 09:08:01.192 [info] > git config --get commit.template [56ms]
2024-02-02 09:08:01.260 [info] > git for-each-ref --format=%(refname)%00%(upstream:short)%00%(objectname)%00%(upstream:track)%00%(upstream:remotename)%00%(upstream:remoteref) refs/heads/main refs/remotes/main [70ms]
2024-02-02 09:08:01.261 [warning] No such branch: main.
2024-02-02 09:08:01.318 [info] > git status -z -uall [8ms]
2024-02-02 09:08:01.435 [info] No remotes found in the git config file.
2024-02-02 09:08:01.441 [info] > git config --get commit.template [50ms]
2024-02-02 09:08:01.444 [info] > git for-each-ref --format=%(refname)%00%(upstream:short)%00%(objectname)%00%(upstream:track)%00%(upstream:remotename)%00%(upstream:remoteref) refs/heads/main refs/remotes/main [10ms]
2024-02-02 09:08:01.444 [warning] No such branch: main.
2024-02-02 09:08:01.513 [info] > git status -z -uall [10ms]
2024-02-02 09:08:01.796 [info] > git config --local branch.main.github-pr-owner-number [7ms]
2024-02-02 09:08:01.797 [warning] git config failed: Failed to execute git
2024-02-02 09:08:01.905 [info] > git config --local branch.main.remote [53ms]
2024-02-02 09:08:01.905 [warning] git config failed: Failed to execute git
2024-02-02 09:08:01.961 [info] > git check-ignore -v -z --stdin [57ms]
2024-02-02 09:08:01.965 [info] > git config --local branch.main.merge [5ms]
2024-02-02 09:08:01.965 [warning] git config failed: Failed to execute git
2024-02-02 09:13:01.052 [info] > git config --local branch.main.github-pr-owner-number [2ms]
2024-02-02 09:13:01.052 [warning] git config failed: Failed to execute git
2024-02-02 09:18:01.088 [info] > git config --local branch.main.github-pr-owner-number [2ms]
2024-02-02 09:18:01.088 [warning] git config failed: Failed to execute git
2024-02-02 09:23:01.126 [info] > git config --local branch.main.github-pr-owner-number [1ms]
2024-02-02 09:23:01.126 [warning] git config failed: Failed to execute git
