2024-02-02 07:59:45.375 [warning] /home/vscode/.ssh/config: ENOENT: no such file or directory, open '/home/vscode/.ssh/config'
2024-02-02 07:59:45.375 [info] Activation> Extension version: 0.80.0
2024-02-02 07:59:52.404 [info] Looking for git repository
2024-02-02 07:59:52.405 [info] Found 0 repositories during activation
2024-02-02 07:59:52.405 [info] Git repository found, initializing review manager and pr tree view.
2024-02-02 07:59:52.417 [info] Registering git provider
2024-02-02 07:59:52.418 [info] Review+0> Validate state in progress
2024-02-02 07:59:52.418 [info] Review+0> Validating state...
2024-02-02 07:59:52.418 [info] Review+1> Validate state in progress
2024-02-02 07:59:52.418 [info] Review+1> Validating state...
2024-02-02 07:59:52.419 [info] Review+2> Validate state in progress
2024-02-02 07:59:52.419 [info] Review+2> Validating state...
2024-02-02 07:59:52.778 [info] Found GitHub remote for folder /home/vscode/environment
2024-02-02 07:59:52.778 [info] Found GitHub remote for folder /home/vscode/.oh-my-zsh
2024-02-02 07:59:52.779 [info] Found GitHub remote for folder /home/vscode/.nodenv
2024-02-02 07:59:52.957 [info] Repo state for file:///home/vscode/environment changed.
2024-02-02 07:59:52.957 [info] Repo file:///home/vscode/environment has already been setup.
2024-02-02 07:59:57.621 [info] Trying to use globalState for assignableUsers.
2024-02-02 07:59:58.543 [info] Trying to use globalState for assignableUsers.
2024-02-02 07:59:58.580 [info] Trying to use globalState for assignableUsers.
2024-02-02 08:00:00.917 [info] Review+2> No matching pull request metadata found locally for current branch master
2024-02-02 08:00:00.949 [info] Review+0> No matching pull request metadata found locally for current branch main
2024-02-02 08:00:00.981 [info] Review+1> No matching pull request metadata found locally for current branch master
2024-02-02 08:00:01.474 [info] GlobalState does not exist for assignableUsers.
2024-02-02 08:00:01.508 [info] GlobalState does not exist for assignableUsers.
2024-02-02 08:00:01.536 [info] GlobalState does not exist for assignableUsers.
2024-02-02 08:00:02.136 [info] Review+0> No matching pull request metadata found on GitHub for current branch main
2024-02-02 08:00:02.622 [info] Review+1> No matching pull request metadata found on GitHub for current branch master
2024-02-02 08:00:02.670 [info] Review+2> No matching pull request metadata found on GitHub for current branch master
