2024-02-22 14:06:00.698 [info] Reading sessions from keychain...
2024-02-22 14:06:00.698 [info] Getting sessions for all scopes...
2024-02-22 14:06:00.698 [info] Getting sessions for user:email...
2024-02-22 14:06:00.701 [info] Got stored sessions!
2024-02-22 14:06:00.701 [info] Got 6 verified sessions.
2024-02-22 14:06:00.701 [info] Got 6 sessions for ...
2024-02-22 14:06:00.701 [info] Got 1 sessions for user:email...
2024-02-22 14:06:00.960 [info] Getting sessions for all scopes...
2024-02-22 14:06:00.964 [info] Getting sessions for codespace,read:user,repo,user:email...
2024-02-22 14:06:00.964 [info] Getting sessions for all scopes...
2024-02-22 14:06:00.964 [info] Got 6 sessions for ...
2024-02-22 14:06:00.964 [info] Got 1 sessions for codespace,read:user,repo,user:email...
2024-02-22 14:06:00.964 [info] Got 6 sessions for ...
2024-02-22 14:06:01.465 [info] Getting sessions for all scopes...
2024-02-22 14:06:01.466 [info] Got 6 sessions for ...
2024-02-22 14:06:03.131 [info] Getting sessions for all scopes...
2024-02-22 14:06:03.131 [info] Got 6 sessions for ...
2024-02-22 14:06:04.614 [info] Getting sessions for all scopes...
2024-02-22 14:06:04.614 [info] Got 6 sessions for ...
2024-02-22 14:06:04.854 [info] Getting sessions for read:user,repo,user:email,workflow...
2024-02-22 14:06:04.854 [info] Getting sessions for all scopes...
2024-02-22 14:06:04.854 [info] Got 1 sessions for read:user,repo,user:email,workflow...
2024-02-22 14:06:04.855 [info] Got 6 sessions for ...
2024-02-22 14:06:04.947 [info] Getting sessions for project,read:org,read:user,repo,user:email,workflow...
2024-02-22 14:06:04.947 [info] Getting sessions for all scopes...
2024-02-22 14:06:04.947 [info] Got 0 sessions for project,read:org,read:user,repo,user:email,workflow...
2024-02-22 14:06:04.947 [info] Got 6 sessions for ...
2024-02-22 14:06:05.358 [info] Getting sessions for read:user,repo,user:email,workflow...
2024-02-22 14:06:05.358 [info] Got 1 sessions for read:user,repo,user:email,workflow...
2024-02-22 14:06:07.845 [info] Getting sessions for read:user,repo,user:email,workflow...
2024-02-22 14:06:07.845 [info] Got 1 sessions for read:user,repo,user:email,workflow...
