2024-02-02 08:58:19.333 [warning] /home/vscode/.ssh/config: ENOENT: no such file or directory, open '/home/vscode/.ssh/config'
2024-02-02 08:58:19.333 [info] Activation> Extension version: 0.80.0
2024-02-02 08:58:22.095 [info] Looking for git repository
2024-02-02 08:58:22.095 [info] Found 0 repositories during activation
2024-02-02 08:58:22.095 [info] Git repository found, initializing review manager and pr tree view.
2024-02-02 08:58:22.096 [info] Registering git provider
2024-02-02 09:08:21.502 [info] Repository file:///home/vscode/progate_path/self_introduction_commit/self_introduction has been opened
2024-02-02 09:08:21.502 [info] Review+0> Validate state in progress
2024-02-02 09:08:21.502 [info] Review+0> Validating state...
2024-02-02 09:08:21.503 [warning] No remotes found. The following remotes are missing: origin, upstream
2024-02-02 09:08:21.503 [info] No GitHub remotes found for folder /home/vscode/progate_path/self_introduction_commit/self_introduction
2024-02-02 09:08:21.605 [info] Review+0> Queuing additional validate state
2024-02-02 09:08:21.605 [info] Repo state for file:///home/vscode/progate_path/self_introduction_commit/self_introduction changed.
2024-02-02 09:08:21.605 [info] Repo file:///home/vscode/progate_path/self_introduction_commit/self_introduction has already been setup.
2024-02-02 09:10:21.501 [error] Review+0> Timeout occurred while validating state.
2024-02-02 09:10:21.501 [info] Review+0> Validating state...
2024-02-02 09:10:21.502 [warning] No remotes found. The following remotes are missing: origin, upstream
2024-02-02 09:10:21.502 [info] No GitHub remotes found for folder /home/vscode/progate_path/self_introduction_commit/self_introduction
2024-02-02 09:10:21.560 [info] Review+0> No matching pull request metadata found locally for current branch main
2024-02-02 09:10:21.593 [info] Review+0> No matching pull request metadata found on GitHub for current branch main
2024-02-02 09:12:21.501 [error] Review+0> Timeout occurred while validating state.
