2024-02-02 08:59:10.683 [info] Reading sessions from keychain...
2024-02-02 08:59:10.683 [info] Getting sessions for all scopes...
2024-02-02 08:59:10.683 [info] Getting sessions for user:email...
2024-02-02 08:59:10.683 [info] Got stored sessions!
2024-02-02 08:59:10.683 [info] Got 6 verified sessions.
2024-02-02 08:59:10.683 [info] Got 6 sessions for ...
2024-02-02 08:59:10.683 [info] Got 1 sessions for user:email...
2024-02-02 08:59:10.683 [info] Getting sessions for all scopes...
2024-02-02 08:59:10.683 [info] Got 6 sessions for ...
2024-02-02 08:59:10.770 [info] Getting sessions for codespace,read:user,repo,user:email...
2024-02-02 08:59:10.770 [info] Got 1 sessions for codespace,read:user,repo,user:email...
2024-02-02 08:59:10.820 [info] Getting sessions for all scopes...
2024-02-02 08:59:10.820 [info] Got 6 sessions for ...
2024-02-02 08:59:12.976 [info] Getting sessions for all scopes...
2024-02-02 08:59:12.976 [info] Got 6 sessions for ...
2024-02-02 08:59:13.833 [info] Getting sessions for all scopes...
2024-02-02 08:59:13.834 [info] Got 6 sessions for ...
2024-02-02 08:59:14.626 [info] Getting sessions for all scopes...
2024-02-02 08:59:14.627 [info] Got 6 sessions for ...
2024-02-02 08:59:15.629 [info] Getting sessions for all scopes...
2024-02-02 08:59:15.629 [info] Got 6 sessions for ...
2024-02-02 08:59:16.051 [info] Getting sessions for read:user...
2024-02-02 08:59:16.051 [info] Getting sessions for all scopes...
2024-02-02 08:59:16.051 [info] Got 1 sessions for read:user...
2024-02-02 08:59:16.052 [info] Got 6 sessions for ...
2024-02-02 08:59:17.842 [info] Getting sessions for read:user,repo,user:email,workflow...
2024-02-02 08:59:17.842 [info] Getting sessions for project,read:org,read:user,repo,user:email,workflow...
2024-02-02 08:59:17.842 [info] Got 1 sessions for read:user,repo,user:email,workflow...
2024-02-02 08:59:17.842 [info] Got 0 sessions for project,read:org,read:user,repo,user:email,workflow...
2024-02-02 08:59:19.750 [info] Getting sessions for read:user,repo,user:email,workflow...
2024-02-02 08:59:19.750 [info] Got 1 sessions for read:user,repo,user:email,workflow...
2024-02-02 08:59:19.879 [info] Getting sessions for read:user,repo,user:email,workflow...
2024-02-02 08:59:19.879 [info] Got 1 sessions for read:user,repo,user:email,workflow...
2024-02-02 08:59:21.807 [info] Getting sessions for read:user,repo,user:email,workflow...
2024-02-02 08:59:21.808 [info] Got 1 sessions for read:user,repo,user:email,workflow...
