2024-02-22 14:12:27.855 [info] Reading sessions from keychain...
2024-02-22 14:12:27.855 [info] Getting sessions for all scopes...
2024-02-22 14:12:27.855 [info] Getting sessions for user:email...
2024-02-22 14:12:27.864 [info] Got stored sessions!
2024-02-22 14:12:27.864 [info] Got 6 verified sessions.
2024-02-22 14:12:27.864 [info] Got 6 sessions for ...
2024-02-22 14:12:27.864 [info] Got 1 sessions for user:email...
2024-02-22 14:12:27.874 [info] Getting sessions for all scopes...
2024-02-22 14:12:27.874 [info] Got 6 sessions for ...
2024-02-22 14:12:27.936 [info] Getting sessions for codespace,read:user,repo,user:email...
2024-02-22 14:12:27.936 [info] Got 1 sessions for codespace,read:user,repo,user:email...
2024-02-22 14:12:27.984 [info] Getting sessions for all scopes...
2024-02-22 14:12:27.984 [info] Got 6 sessions for ...
2024-02-22 14:12:29.911 [info] Getting sessions for all scopes...
2024-02-22 14:12:29.912 [info] Got 6 sessions for ...
2024-02-22 14:12:30.825 [info] Getting sessions for all scopes...
2024-02-22 14:12:30.825 [info] Got 6 sessions for ...
2024-02-22 14:12:31.024 [info] Getting sessions for all scopes...
2024-02-22 14:12:31.024 [info] Got 6 sessions for ...
2024-02-22 14:12:32.145 [info] Getting sessions for all scopes...
2024-02-22 14:12:32.152 [info] Got 6 sessions for ...
2024-02-22 14:12:32.397 [info] Getting sessions for read:user,repo,user:email,workflow...
2024-02-22 14:12:32.397 [info] Getting sessions for all scopes...
2024-02-22 14:12:32.397 [info] Got 1 sessions for read:user,repo,user:email,workflow...
2024-02-22 14:12:32.397 [info] Got 6 sessions for ...
2024-02-22 14:12:32.916 [info] Getting sessions for project,read:org,read:user,repo,user:email,workflow...
2024-02-22 14:12:32.916 [info] Got 0 sessions for project,read:org,read:user,repo,user:email,workflow...
2024-02-22 14:12:34.625 [info] Getting sessions for read:user,repo,user:email,workflow...
2024-02-22 14:12:34.625 [info] Got 1 sessions for read:user,repo,user:email,workflow...
2024-02-22 14:12:36.599 [info] Getting sessions for read:user,repo,user:email,workflow...
2024-02-22 14:12:36.599 [info] Got 1 sessions for read:user,repo,user:email,workflow...
