2024-02-02 08:53:59.218 [info] Reading sessions from keychain...
2024-02-02 08:53:59.218 [info] Getting sessions for all scopes...
2024-02-02 08:53:59.218 [info] Getting sessions for user:email...
2024-02-02 08:53:59.218 [info] Getting sessions for all scopes...
2024-02-02 08:53:59.219 [info] Got stored sessions!
2024-02-02 08:53:59.219 [info] Got 6 verified sessions.
2024-02-02 08:53:59.219 [info] Got 6 sessions for ...
2024-02-02 08:53:59.219 [info] Got 1 sessions for user:email...
2024-02-02 08:53:59.219 [info] Got 6 sessions for ...
2024-02-02 08:53:59.363 [info] Getting sessions for codespace,read:user,repo,user:email...
2024-02-02 08:53:59.363 [info] Getting sessions for all scopes...
2024-02-02 08:53:59.364 [info] Got 1 sessions for codespace,read:user,repo,user:email...
2024-02-02 08:53:59.364 [info] Got 6 sessions for ...
2024-02-02 08:54:00.019 [info] Getting sessions for all scopes...
2024-02-02 08:54:00.020 [info] Got 6 sessions for ...
2024-02-02 08:54:01.759 [info] Getting sessions for all scopes...
2024-02-02 08:54:01.759 [info] Got 6 sessions for ...
2024-02-02 08:54:03.229 [info] Getting sessions for all scopes...
2024-02-02 08:54:03.229 [info] Getting sessions for read:user...
2024-02-02 08:54:03.229 [info] Got 6 sessions for ...
2024-02-02 08:54:03.229 [info] Got 1 sessions for read:user...
2024-02-02 08:54:03.435 [info] Getting sessions for project,read:org,read:user,repo,user:email,workflow...
2024-02-02 08:54:03.435 [info] Getting sessions for all scopes...
2024-02-02 08:54:03.435 [info] Got 0 sessions for project,read:org,read:user,repo,user:email,workflow...
2024-02-02 08:54:03.435 [info] Got 6 sessions for ...
2024-02-02 08:54:03.803 [info] Getting sessions for all scopes...
2024-02-02 08:54:03.804 [info] Got 6 sessions for ...
2024-02-02 08:54:04.630 [info] Getting sessions for read:user,repo,user:email,workflow...
2024-02-02 08:54:04.630 [info] Getting sessions for read:user,repo,user:email,workflow...
2024-02-02 08:54:04.630 [info] Getting sessions for read:user,repo,user:email,workflow...
2024-02-02 08:54:04.631 [info] Got 1 sessions for read:user,repo,user:email,workflow...
2024-02-02 08:54:04.631 [info] Got 1 sessions for read:user,repo,user:email,workflow...
2024-02-02 08:54:04.631 [info] Got 1 sessions for read:user,repo,user:email,workflow...
2024-02-02 08:54:06.738 [info] Getting sessions for read:user,repo,user:email,workflow...
2024-02-02 08:54:06.738 [info] Got 1 sessions for read:user,repo,user:email,workflow...
2024-02-02 08:54:10.032 [info] Getting sessions for read:user,repo,user:email,workflow...
2024-02-02 08:54:10.032 [info] Got 1 sessions for read:user,repo,user:email,workflow...
2024-02-02 08:54:10.229 [info] Getting sessions for read:user,repo,user:email,workflow...
2024-02-02 08:54:10.229 [info] Got 1 sessions for read:user,repo,user:email,workflow...
