2024-02-22 14:11:32.503 [info] Reading sessions from keychain...
2024-02-22 14:11:32.503 [info] Getting sessions for all scopes...
2024-02-22 14:11:32.503 [info] Getting sessions for user:email...
2024-02-22 14:11:32.512 [info] Got stored sessions!
2024-02-22 14:11:32.512 [info] Got 6 verified sessions.
2024-02-22 14:11:32.512 [info] Got 6 sessions for ...
2024-02-22 14:11:32.512 [info] Got 1 sessions for user:email...
2024-02-22 14:11:32.517 [info] Getting sessions for all scopes...
2024-02-22 14:11:32.517 [info] Got 6 sessions for ...
2024-02-22 14:11:32.586 [info] Getting sessions for codespace,read:user,repo,user:email...
2024-02-22 14:11:32.586 [info] Got 1 sessions for codespace,read:user,repo,user:email...
2024-02-22 14:11:32.632 [info] Getting sessions for all scopes...
2024-02-22 14:11:32.632 [info] Got 6 sessions for ...
2024-02-22 14:11:34.422 [info] Getting sessions for all scopes...
2024-02-22 14:11:34.422 [info] Got 6 sessions for ...
2024-02-22 14:11:35.193 [info] Getting sessions for all scopes...
2024-02-22 14:11:35.194 [info] Got 6 sessions for ...
2024-02-22 14:11:35.350 [info] Getting sessions for all scopes...
2024-02-22 14:11:35.350 [info] Got 6 sessions for ...
2024-02-22 14:11:36.423 [info] Getting sessions for all scopes...
2024-02-22 14:11:36.423 [info] Got 6 sessions for ...
2024-02-22 14:11:36.632 [info] Getting sessions for read:user,repo,user:email,workflow...
2024-02-22 14:11:36.633 [info] Getting sessions for all scopes...
2024-02-22 14:11:36.633 [info] Got 1 sessions for read:user,repo,user:email,workflow...
2024-02-22 14:11:36.633 [info] Got 6 sessions for ...
2024-02-22 14:11:37.027 [info] Getting sessions for project,read:org,read:user,repo,user:email,workflow...
2024-02-22 14:11:37.027 [info] Got 0 sessions for project,read:org,read:user,repo,user:email,workflow...
2024-02-22 14:11:38.995 [info] Getting sessions for read:user,repo,user:email,workflow...
2024-02-22 14:11:38.995 [info] Got 1 sessions for read:user,repo,user:email,workflow...
2024-02-22 14:11:40.896 [info] Getting sessions for read:user,repo,user:email,workflow...
2024-02-22 14:11:40.897 [info] Got 1 sessions for read:user,repo,user:email,workflow...
