2024-02-02 09:22:25.052 [info] Reading sessions from keychain...
2024-02-02 09:22:25.052 [info] Getting sessions for all scopes...
2024-02-02 09:22:25.052 [info] Getting sessions for user:email...
2024-02-02 09:22:25.053 [info] Got stored sessions!
2024-02-02 09:22:25.054 [info] Got 6 verified sessions.
2024-02-02 09:22:25.054 [info] Got 6 sessions for ...
2024-02-02 09:22:25.054 [info] Got 1 sessions for user:email...
2024-02-02 09:22:25.059 [info] Getting sessions for all scopes...
2024-02-02 09:22:25.059 [info] Got 6 sessions for ...
2024-02-02 09:22:25.140 [info] Getting sessions for codespace,read:user,repo,user:email...
2024-02-02 09:22:25.140 [info] Got 1 sessions for codespace,read:user,repo,user:email...
2024-02-02 09:22:25.184 [info] Getting sessions for all scopes...
2024-02-02 09:22:25.184 [info] Got 6 sessions for ...
2024-02-02 09:22:27.620 [info] Getting sessions for all scopes...
2024-02-02 09:22:27.620 [info] Got 6 sessions for ...
2024-02-02 09:22:28.596 [info] Getting sessions for all scopes...
2024-02-02 09:22:28.597 [info] Got 6 sessions for ...
2024-02-02 09:22:29.002 [info] Getting sessions for all scopes...
2024-02-02 09:22:29.002 [info] Got 6 sessions for ...
2024-02-02 09:22:30.107 [info] Getting sessions for all scopes...
2024-02-02 09:22:30.108 [info] Got 6 sessions for ...
2024-02-02 09:22:30.580 [info] Getting sessions for read:user...
2024-02-02 09:22:30.580 [info] Getting sessions for all scopes...
2024-02-02 09:22:30.580 [info] Got 1 sessions for read:user...
2024-02-02 09:22:30.581 [info] Got 6 sessions for ...
2024-02-02 09:22:30.981 [info] Getting sessions for project,read:org,read:user,repo,user:email,workflow...
2024-02-02 09:22:30.981 [info] Got 0 sessions for project,read:org,read:user,repo,user:email,workflow...
2024-02-02 09:22:32.153 [info] Getting sessions for read:user,repo,user:email,workflow...
2024-02-02 09:22:32.153 [info] Got 1 sessions for read:user,repo,user:email,workflow...
2024-02-02 09:22:32.416 [info] Getting sessions for read:user,repo,user:email,workflow...
2024-02-02 09:22:32.416 [info] Got 1 sessions for read:user,repo,user:email,workflow...
2024-02-02 09:22:34.206 [info] Getting sessions for read:user,repo,user:email,workflow...
2024-02-02 09:22:34.206 [info] Got 1 sessions for read:user,repo,user:email,workflow...
2024-02-02 09:22:36.051 [info] Getting sessions for read:user,repo,user:email,workflow...
2024-02-02 09:22:36.051 [info] Got 1 sessions for read:user,repo,user:email,workflow...
