2024-02-22 15:18:23.722 [info] Reading sessions from keychain...
2024-02-22 15:18:23.722 [info] Getting sessions for all scopes...
2024-02-22 15:18:23.722 [info] Getting sessions for user:email...
2024-02-22 15:18:23.786 [info] Got stored sessions!
2024-02-22 15:18:23.786 [info] Got 6 verified sessions.
2024-02-22 15:18:23.786 [info] Got 6 sessions for ...
2024-02-22 15:18:23.786 [info] Got 1 sessions for user:email...
2024-02-22 15:18:23.788 [info] Getting sessions for all scopes...
2024-02-22 15:18:23.788 [info] Got 6 sessions for ...
2024-02-22 15:18:23.816 [info] Getting sessions for codespace,read:user,repo,user:email...
2024-02-22 15:18:23.816 [info] Got 1 sessions for codespace,read:user,repo,user:email...
2024-02-22 15:18:24.497 [info] Getting sessions for all scopes...
2024-02-22 15:18:24.497 [info] Got 6 sessions for ...
2024-02-22 15:18:26.644 [info] Getting sessions for all scopes...
2024-02-22 15:18:26.644 [info] Got 6 sessions for ...
2024-02-22 15:18:26.839 [info] Getting sessions for all scopes...
2024-02-22 15:18:26.839 [info] Got 6 sessions for ...
2024-02-22 15:18:28.086 [info] Getting sessions for all scopes...
2024-02-22 15:18:28.086 [info] Got 6 sessions for ...
2024-02-22 15:18:28.350 [info] Getting sessions for read:user,repo,user:email,workflow...
2024-02-22 15:18:28.350 [info] Getting sessions for all scopes...
2024-02-22 15:18:28.350 [info] Got 1 sessions for read:user,repo,user:email,workflow...
2024-02-22 15:18:28.350 [info] Got 6 sessions for ...
2024-02-22 15:18:28.444 [info] Getting sessions for project,read:org,read:user,repo,user:email,workflow...
2024-02-22 15:18:28.444 [info] Getting sessions for all scopes...
2024-02-22 15:18:28.444 [info] Got 0 sessions for project,read:org,read:user,repo,user:email,workflow...
2024-02-22 15:18:28.444 [info] Got 6 sessions for ...
2024-02-22 15:18:28.869 [info] Getting sessions for read:user,repo,user:email,workflow...
2024-02-22 15:18:28.869 [info] Got 1 sessions for read:user,repo,user:email,workflow...
2024-02-22 15:18:32.724 [info] Getting sessions for read:user,repo,user:email,workflow...
2024-02-22 15:18:32.724 [info] Got 1 sessions for read:user,repo,user:email,workflow...
