2024-02-02 08:58:14.705 [info] Reading sessions from keychain...
2024-02-02 08:58:14.705 [info] Getting sessions for all scopes...
2024-02-02 08:58:14.705 [info] Getting sessions for user:email...
2024-02-02 08:58:14.709 [info] Got stored sessions!
2024-02-02 08:58:14.709 [info] Got 6 verified sessions.
2024-02-02 08:58:14.710 [info] Got 6 sessions for ...
2024-02-02 08:58:14.710 [info] Got 1 sessions for user:email...
2024-02-02 08:58:14.710 [info] Getting sessions for all scopes...
2024-02-02 08:58:14.710 [info] Got 6 sessions for ...
2024-02-02 08:58:14.791 [info] Getting sessions for codespace,read:user,repo,user:email...
2024-02-02 08:58:14.791 [info] Got 1 sessions for codespace,read:user,repo,user:email...
2024-02-02 08:58:14.835 [info] Getting sessions for all scopes...
2024-02-02 08:58:14.836 [info] Got 6 sessions for ...
2024-02-02 08:58:15.519 [info] Getting sessions for all scopes...
2024-02-02 08:58:15.519 [info] Got 6 sessions for ...
2024-02-02 08:58:17.699 [info] Getting sessions for all scopes...
2024-02-02 08:58:17.700 [info] Got 6 sessions for ...
2024-02-02 08:58:19.074 [info] Getting sessions for all scopes...
2024-02-02 08:58:19.074 [info] Got 6 sessions for ...
2024-02-02 08:58:19.301 [info] Getting sessions for read:user...
2024-02-02 08:58:19.302 [info] Getting sessions for all scopes...
2024-02-02 08:58:19.302 [info] Got 1 sessions for read:user...
2024-02-02 08:58:19.303 [info] Got 6 sessions for ...
2024-02-02 08:58:19.440 [info] Getting sessions for project,read:org,read:user,repo,user:email,workflow...
2024-02-02 08:58:19.440 [info] Getting sessions for all scopes...
2024-02-02 08:58:19.440 [info] Got 0 sessions for project,read:org,read:user,repo,user:email,workflow...
2024-02-02 08:58:19.440 [info] Got 6 sessions for ...
2024-02-02 08:58:19.805 [info] Getting sessions for read:user,repo,user:email,workflow...
2024-02-02 08:58:19.805 [info] Got 1 sessions for read:user,repo,user:email,workflow...
2024-02-02 08:58:19.902 [info] Getting sessions for read:user,repo,user:email,workflow...
2024-02-02 08:58:19.902 [info] Got 1 sessions for read:user,repo,user:email,workflow...
2024-02-02 08:58:22.227 [info] Getting sessions for read:user,repo,user:email,workflow...
2024-02-02 08:58:22.228 [info] Got 1 sessions for read:user,repo,user:email,workflow...
2024-02-02 08:58:23.273 [info] Getting sessions for read:user,repo,user:email,workflow...
2024-02-02 08:58:23.273 [info] Got 1 sessions for read:user,repo,user:email,workflow...
