2024-02-02 09:26:03.668 [info] Reading sessions from keychain...
2024-02-02 09:26:03.668 [info] Getting sessions for all scopes...
2024-02-02 09:26:03.668 [info] Getting sessions for user:email...
2024-02-02 09:26:03.668 [info] Got stored sessions!
2024-02-02 09:26:03.668 [info] Got 6 verified sessions.
2024-02-02 09:26:03.668 [info] Got 6 sessions for ...
2024-02-02 09:26:03.668 [info] Got 1 sessions for user:email...
2024-02-02 09:26:03.668 [info] Getting sessions for all scopes...
2024-02-02 09:26:03.668 [info] Got 6 sessions for ...
2024-02-02 09:26:03.913 [info] Getting sessions for codespace,read:user,repo,user:email...
2024-02-02 09:26:03.914 [info] Got 1 sessions for codespace,read:user,repo,user:email...
2024-02-02 09:26:03.956 [info] Getting sessions for all scopes...
2024-02-02 09:26:03.956 [info] Got 6 sessions for ...
2024-02-02 09:26:05.300 [info] Getting sessions for all scopes...
2024-02-02 09:26:05.300 [info] Got 6 sessions for ...
2024-02-02 09:26:06.835 [info] Getting sessions for all scopes...
2024-02-02 09:26:06.835 [info] Got 6 sessions for ...
2024-02-02 09:26:07.503 [info] Getting sessions for all scopes...
2024-02-02 09:26:07.503 [info] Got 6 sessions for ...
2024-02-02 09:26:10.718 [info] Getting sessions for all scopes...
2024-02-02 09:26:10.718 [info] Got 6 sessions for ...
2024-02-02 09:26:11.247 [info] Getting sessions for read:user...
2024-02-02 09:26:11.247 [info] Getting sessions for all scopes...
2024-02-02 09:26:11.295 [info] Got 1 sessions for read:user...
2024-02-02 09:26:11.296 [info] Got 6 sessions for ...
2024-02-02 09:26:11.757 [info] Getting sessions for read:user,repo,user:email,workflow...
2024-02-02 09:26:11.757 [info] Getting sessions for project,read:org,read:user,repo,user:email,workflow...
2024-02-02 09:26:11.762 [info] Got 1 sessions for read:user,repo,user:email,workflow...
2024-02-02 09:26:11.762 [info] Got 0 sessions for project,read:org,read:user,repo,user:email,workflow...
2024-02-02 09:26:14.386 [info] Getting sessions for read:user,repo,user:email,workflow...
2024-02-02 09:26:14.386 [info] Got 1 sessions for read:user,repo,user:email,workflow...
2024-02-02 09:26:14.503 [info] Getting sessions for read:user,repo,user:email,workflow...
2024-02-02 09:26:14.503 [info] Got 1 sessions for read:user,repo,user:email,workflow...
2024-02-02 09:26:16.296 [info] Getting sessions for read:user,repo,user:email,workflow...
2024-02-02 09:26:16.296 [info] Got 1 sessions for read:user,repo,user:email,workflow...
2024-02-02 09:57:20.866 [info] Getting sessions for read:user,repo,user:email,workflow...
2024-02-02 09:57:20.866 [info] Got 1 sessions for read:user,repo,user:email,workflow...
