2024-02-03 04:02:07.408 [info] ログ レベル: Info
2024-02-03 04:02:07.408 [info] Git の検証が検出されました: "git"
2024-02-03 04:02:07.408 [info] "git" から Git "2.43.0" を使用しています
2024-02-03 04:02:07.408 [info] > git rev-parse --show-toplevel [345ms]
2024-02-03 04:02:07.408 [info] > git rev-parse --git-dir --git-common-dir [1744ms]
2024-02-03 04:02:07.408 [info] Open repository: /home/vscode/progate_path/self_introduction_branch/self_introduction
2024-02-03 04:02:07.408 [info] > git rev-parse --show-toplevel [326ms]
2024-02-03 04:02:07.408 [info] > git config --get commit.template [426ms]
2024-02-03 04:02:07.500 [info] No remotes found in the git config file.
2024-02-03 04:02:07.524 [info] > git rev-parse --show-toplevel [77ms]
2024-02-03 04:02:07.563 [info] > git for-each-ref --format=%(refname)%00%(upstream:short)%00%(objectname)%00%(upstream:track)%00%(upstream:remotename)%00%(upstream:remoteref) refs/heads/main refs/remotes/main [64ms]
2024-02-03 04:02:07.636 [info] > git rev-parse --show-toplevel [78ms]
2024-02-03 04:02:07.826 [info] > git status -z -uall [221ms]
2024-02-03 04:02:07.826 [info] > git check-ignore -v -z --stdin [143ms]
2024-02-03 04:02:07.892 [info] > git rev-parse --show-toplevel [171ms]
2024-02-03 04:02:07.899 [info] > git config --get commit.template [26ms]
2024-02-03 04:02:08.073 [info] No remotes found in the git config file.
2024-02-03 04:02:08.331 [info] > git for-each-ref --format=%(refname)%00%(upstream:short)%00%(objectname)%00%(upstream:track)%00%(upstream:remotename)%00%(upstream:remoteref) refs/heads/main refs/remotes/main [259ms]
2024-02-03 04:02:08.375 [info] > git status -z -uall [12ms]
2024-02-03 04:02:12.231 [info] > git config --local branch.main.github-pr-owner-number [224ms]
2024-02-03 04:02:12.287 [info] > git config --local branch.main.remote [9ms]
2024-02-03 04:07:11.980 [info] > git config --local branch.main.github-pr-owner-number [1ms]
2024-02-03 04:12:12.008 [info] > git config --local branch.main.github-pr-owner-number [1ms]
2024-02-03 04:17:12.036 [info] > git config --local branch.main.github-pr-owner-number [2ms]
2024-02-03 04:22:12.064 [info] > git config --local branch.main.github-pr-owner-number [1ms]
2024-02-03 04:27:12.105 [info] > git config --local branch.main.github-pr-owner-number [2ms]
2024-02-03 04:32:12.135 [info] > git config --local branch.main.github-pr-owner-number [2ms]
