2024-02-22 14:03:41.220 [info] Reading sessions from keychain...
2024-02-22 14:03:41.220 [info] Getting sessions for all scopes...
2024-02-22 14:03:41.220 [info] Getting sessions for user:email...
2024-02-22 14:03:41.226 [info] Got stored sessions!
2024-02-22 14:03:41.226 [info] Got 6 verified sessions.
2024-02-22 14:03:41.226 [info] Got 6 sessions for ...
2024-02-22 14:03:41.226 [info] Got 1 sessions for user:email...
2024-02-22 14:03:41.275 [info] Getting sessions for all scopes...
2024-02-22 14:03:41.275 [info] Got 6 sessions for ...
2024-02-22 14:03:41.369 [info] Getting sessions for codespace,read:user,repo,user:email...
2024-02-22 14:03:41.369 [info] Getting sessions for all scopes...
2024-02-22 14:03:41.370 [info] Got 1 sessions for codespace,read:user,repo,user:email...
2024-02-22 14:03:41.370 [info] Got 6 sessions for ...
2024-02-22 14:03:41.510 [info] Getting sessions for all scopes...
2024-02-22 14:03:41.510 [info] Got 6 sessions for ...
2024-02-22 14:03:43.782 [info] Getting sessions for all scopes...
2024-02-22 14:03:43.782 [info] Got 6 sessions for ...
2024-02-22 14:03:44.535 [info] Getting sessions for all scopes...
2024-02-22 14:03:44.535 [info] Got 6 sessions for ...
2024-02-22 14:03:45.300 [info] Getting sessions for all scopes...
2024-02-22 14:03:45.344 [info] Got 6 sessions for ...
2024-02-22 14:03:45.671 [info] Getting sessions for all scopes...
2024-02-22 14:03:45.672 [info] Got 6 sessions for ...
2024-02-22 14:03:48.286 [info] Getting sessions for read:user...
2024-02-22 14:03:48.286 [info] Got 1 sessions for read:user...
2024-02-22 14:03:50.340 [info] Getting sessions for project,read:org,read:user,repo,user:email,workflow...
2024-02-22 14:03:50.340 [info] Got 0 sessions for project,read:org,read:user,repo,user:email,workflow...
2024-02-22 14:03:51.360 [info] Getting sessions for read:user,repo,user:email,workflow...
2024-02-22 14:03:51.360 [info] Got 1 sessions for read:user,repo,user:email,workflow...
2024-02-22 14:03:53.573 [info] Getting sessions for read:user,repo,user:email,workflow...
2024-02-22 14:03:53.573 [info] Got 1 sessions for read:user,repo,user:email,workflow...
