2024-02-22 14:05:01.030 [info] Reading sessions from keychain...
2024-02-22 14:05:01.030 [info] Getting sessions for all scopes...
2024-02-22 14:05:01.030 [info] Getting sessions for user:email...
2024-02-22 14:05:01.031 [info] Got stored sessions!
2024-02-22 14:05:01.031 [info] Got 6 verified sessions.
2024-02-22 14:05:01.031 [info] Got 6 sessions for ...
2024-02-22 14:05:01.031 [info] Got 1 sessions for user:email...
2024-02-22 14:05:01.033 [info] Getting sessions for all scopes...
2024-02-22 14:05:01.033 [info] Got 6 sessions for ...
2024-02-22 14:05:01.800 [info] Getting sessions for codespace,read:user,repo,user:email...
2024-02-22 14:05:01.800 [info] Getting sessions for all scopes...
2024-02-22 14:05:01.800 [info] Got 1 sessions for codespace,read:user,repo,user:email...
2024-02-22 14:05:01.800 [info] Got 6 sessions for ...
2024-02-22 14:05:02.466 [info] Getting sessions for all scopes...
2024-02-22 14:05:02.466 [info] Got 6 sessions for ...
2024-02-22 14:05:05.018 [info] Getting sessions for all scopes...
2024-02-22 14:05:05.018 [info] Got 6 sessions for ...
2024-02-22 14:05:05.306 [info] Getting sessions for read:user,repo,user:email,workflow...
2024-02-22 14:05:05.306 [info] Getting sessions for all scopes...
2024-02-22 14:05:05.306 [info] Got 1 sessions for read:user,repo,user:email,workflow...
2024-02-22 14:05:05.306 [info] Got 6 sessions for ...
2024-02-22 14:05:05.542 [info] Getting sessions for all scopes...
2024-02-22 14:05:05.543 [info] Got 6 sessions for ...
2024-02-22 14:05:05.699 [info] Getting sessions for project,read:org,read:user,repo,user:email,workflow...
2024-02-22 14:05:05.699 [info] Getting sessions for all scopes...
2024-02-22 14:05:05.699 [info] Got 0 sessions for project,read:org,read:user,repo,user:email,workflow...
2024-02-22 14:05:05.699 [info] Got 6 sessions for ...
2024-02-22 14:05:05.995 [info] Getting sessions for read:user,repo,user:email,workflow...
2024-02-22 14:05:05.995 [info] Got 1 sessions for read:user,repo,user:email,workflow...
2024-02-22 14:05:08.370 [info] Getting sessions for read:user,repo,user:email,workflow...
2024-02-22 14:05:08.370 [info] Got 1 sessions for read:user,repo,user:email,workflow...
