2024-02-22 14:05:01.857 [info] ログ レベル: Info
2024-02-22 14:05:01.857 [info] Git の検証が検出されました: "git"
2024-02-22 14:05:01.857 [info] "git" から Git "2.43.0" を使用しています
2024-02-22 14:05:01.857 [info] > git rev-parse --show-toplevel [4ms]
2024-02-22 14:05:01.857 [info] > git rev-parse --git-dir --git-common-dir [2ms]
2024-02-22 14:05:01.857 [info] Open repository: /home/vscode/progate_path/self_introduction_branch/self_introduction
2024-02-22 14:05:01.858 [info] > git config --get commit.template [12ms]
2024-02-22 14:05:01.859 [info] > git rev-parse --show-toplevel [3ms]
2024-02-22 14:05:01.884 [info] No remotes found in the git config file.
2024-02-22 14:05:01.896 [info] > git for-each-ref --format=%(refname)%00%(upstream:short)%00%(objectname)%00%(upstream:track)%00%(upstream:remotename)%00%(upstream:remoteref) refs/heads/main refs/remotes/main [12ms]
2024-02-22 14:05:01.908 [info] > git rev-parse --show-toplevel [14ms]
2024-02-22 14:05:01.922 [info] > git status -z -uall [15ms]
2024-02-22 14:05:01.941 [info] > git rev-parse --show-toplevel [20ms]
2024-02-22 14:05:01.947 [info] > git config --get commit.template [6ms]
2024-02-22 14:05:01.960 [info] No remotes found in the git config file.
2024-02-22 14:05:01.962 [info] > git for-each-ref --format=%(refname)%00%(upstream:short)%00%(objectname)%00%(upstream:track)%00%(upstream:remotename)%00%(upstream:remoteref) refs/heads/main refs/remotes/main [2ms]
2024-02-22 14:05:01.977 [info] > git status -z -uall [2ms]
2024-02-22 14:05:05.020 [info] > git check-ignore -v -z --stdin [1295ms]
2024-02-22 14:05:07.064 [info] > git config --local branch.main.github-pr-owner-number [6ms]
2024-02-22 14:05:07.092 [info] > git config --local branch.main.remote [1ms]
