2024-02-02 07:59:38.834 [info] Reading sessions from keychain...
2024-02-02 07:59:38.834 [info] Getting sessions for all scopes...
2024-02-02 07:59:38.834 [info] Getting sessions for user:email...
2024-02-02 07:59:38.834 [info] Got stored sessions!
2024-02-02 07:59:38.834 [info] Got 6 verified sessions.
2024-02-02 07:59:38.834 [info] Got 6 sessions for ...
2024-02-02 07:59:38.835 [info] Got 1 sessions for user:email...
2024-02-02 07:59:38.877 [info] Getting sessions for codespace,read:user,repo,user:email...
2024-02-02 07:59:38.877 [info] Got 1 sessions for codespace,read:user,repo,user:email...
2024-02-02 07:59:38.884 [info] Getting sessions for all scopes...
2024-02-02 07:59:38.885 [info] Got 6 sessions for ...
2024-02-02 07:59:39.117 [info] Getting sessions for all scopes...
2024-02-02 07:59:39.117 [info] Got 6 sessions for ...
2024-02-02 07:59:43.862 [info] Getting sessions for all scopes...
2024-02-02 07:59:43.862 [info] Got 6 sessions for ...
2024-02-02 07:59:44.317 [info] Getting sessions for all scopes...
2024-02-02 07:59:44.317 [info] Got 6 sessions for ...
2024-02-02 07:59:44.699 [info] Getting sessions for all scopes...
2024-02-02 07:59:44.700 [info] Got 6 sessions for ...
2024-02-02 07:59:46.097 [info] Getting sessions for all scopes...
2024-02-02 07:59:46.268 [info] Got 6 sessions for ...
2024-02-02 07:59:46.695 [info] Getting sessions for project,read:org,read:user,repo,user:email,workflow...
2024-02-02 07:59:46.714 [info] Got 0 sessions for project,read:org,read:user,repo,user:email,workflow...
2024-02-02 07:59:48.613 [info] Getting sessions for read:user,repo,user:email,workflow...
2024-02-02 07:59:48.613 [info] Got 1 sessions for read:user,repo,user:email,workflow...
2024-02-02 07:59:48.682 [info] Getting sessions for read:user,repo,user:email,workflow...
2024-02-02 07:59:48.682 [info] Got 1 sessions for read:user,repo,user:email,workflow...
2024-02-02 07:59:51.283 [info] Getting sessions for read:user,repo,user:email,workflow...
2024-02-02 07:59:51.284 [info] Got 1 sessions for read:user,repo,user:email,workflow...
2024-02-02 08:00:01.215 [info] Getting sessions for read:user...
2024-02-02 08:00:01.215 [info] Got 1 sessions for read:user...
2024-02-02 08:00:02.363 [info] Getting sessions for read:user,repo,user:email,workflow...
2024-02-02 08:00:02.364 [info] Got 1 sessions for read:user,repo,user:email,workflow...
2024-02-02 08:00:03.667 [info] Getting sessions for read:user,repo,user:email,workflow...
2024-02-02 08:00:03.668 [info] Got 1 sessions for read:user,repo,user:email,workflow...
2024-02-02 08:00:04.959 [info] Getting sessions for read:user,repo,user:email,workflow...
2024-02-02 08:00:04.959 [info] Got 1 sessions for read:user,repo,user:email,workflow...
2024-02-02 08:00:29.224 [info] Getting sessions for all scopes...
2024-02-02 08:00:29.224 [info] Got 6 sessions for ...
