2024-02-22 14:03:55.835 [warning] Shell integration cannot be enabled for executable "/bin/sh" and args []
2024-02-22 14:04:52.781 [info] Expanding terminal instance, old id 8ed8289-2 -> new id undefined
2024-02-22 14:04:58.590 [warning] Persistent process "2": Process had no disconnect runners but was an orphan
2024-02-22 14:04:58.590 [info] Persistent process reconnection "2"
2024-02-22 14:04:59.038 [info] Persistent process "2": Replaying 131 chars and 1 size events
2024-02-22 14:05:11.655 [warning] Shell integration cannot be enabled for executable "/bin/sh" and args []
2024-02-22 14:06:11.046 [warning] Shell integration cannot be enabled for executable "/bin/sh" and args []
2024-02-22 14:11:16.829 [info] Expanding terminal instance, old id 6240ec41-10 -> new id undefined
2024-02-22 14:11:16.829 [info] Expanding terminal instance, old id 6240ec41-9 -> new id undefined
2024-02-22 14:11:31.286 [warning] Persistent process "9": Process had no disconnect runners but was an orphan
2024-02-22 14:11:31.286 [warning] Persistent process "10": Process had no disconnect runners but was an orphan
2024-02-22 14:11:31.286 [info] Persistent process reconnection "9"
2024-02-22 14:11:31.286 [info] Persistent process reconnection "10"
2024-02-22 14:11:31.864 [info] Persistent process "9": Replaying 1410 chars and 1 size events
2024-02-22 14:11:31.880 [info] Persistent process "10": Replaying 99 chars and 1 size events
2024-02-22 14:11:44.731 [warning] Shell integration cannot be enabled for executable "/bin/sh" and args []
2024-02-22 14:12:20.798 [info] Expanding terminal instance, old id 6240ec41-10 -> new id undefined
2024-02-22 14:12:20.800 [info] Expanding terminal instance, old id 6240ec41-9 -> new id undefined
2024-02-22 14:12:26.293 [warning] Persistent process "9": Process had no disconnect runners but was an orphan
2024-02-22 14:12:26.293 [info] Persistent process reconnection "9"
2024-02-22 14:12:26.294 [warning] Persistent process "10": Process had no disconnect runners but was an orphan
2024-02-22 14:12:26.294 [info] Persistent process reconnection "10"
2024-02-22 14:12:27.006 [info] Persistent process "9": Replaying 2233 chars and 1 size events
2024-02-22 14:12:27.017 [info] Persistent process "10": Replaying 99 chars and 1 size events
2024-02-22 14:12:40.099 [warning] Shell integration cannot be enabled for executable "/bin/sh" and args []
